[2026-06-20 11:09:07] [INFO] ============================================
[2026-06-20 11:09:07] [INFO] ION DEX Frontend Team Auto-Launcher v1.0
[2026-06-20 11:09:07] [INFO] ============================================
[2026-06-20 11:09:07] [INFO] Step 1/3: Launching Cursor GUI...
[2026-06-20 11:09:07] [WARN] Killing ghost Cursor process PID=2880
[2026-06-20 11:09:07] [WARN] Killing ghost Cursor process PID=16332
[2026-06-20 11:09:07] [WARN] Killing ghost Cursor process PID=16620
[2026-06-20 11:09:07] [WARN] Killing ghost Cursor process PID=19884
[2026-06-20 11:09:07] [WARN] Killing ghost Cursor process PID=21300
[2026-06-20 11:09:07] [WARN] Killing ghost Cursor process PID=21648
[2026-06-20 11:09:07] [WARN] Killing ghost Cursor process PID=22184
[2026-06-20 11:09:07] [WARN] Killing ghost Cursor process PID=23588
[2026-06-20 11:09:07] [WARN] Killing ghost Cursor process PID=26016
[2026-06-20 11:09:07] [WARN] Killing ghost Cursor process PID=26100
[2026-06-20 11:09:07] [WARN] Killing ghost Cursor process PID=31572
[2026-06-20 11:09:07] [WARN] Killing ghost Cursor process PID=33336
[2026-06-20 11:09:07] [WARN] Killing ghost Cursor process PID=39080
[2026-06-20 11:09:08] [WARN] Killing ghost Cursor process PID=39124
[2026-06-20 11:09:08] [WARN] Killing ghost Cursor process PID=42228
[2026-06-20 11:09:08] [WARN] Killing ghost Cursor process PID=43064
[2026-06-20 11:09:08] [INFO] Starting Cursor GUI: C:\Users\admin\AppData\Local\Programs\Cursor\Cursor.exe D:\openclaw-tools\ion-dex-nuke
[2026-06-20 11:09:16] [ERROR] Cursor GUI failed to start!
[2026-06-20 11:09:16] [INFO] Step 2/3: Starting Dev Server...
[2026-06-20 11:09:16] [INFO] Starting: npx next dev --port 3000
[2026-06-20 11:09:30] [WARN] Dev server not responding yet: 轟랬젯쌈돕陶넋륩蛟포
[2026-06-20 11:09:30] [SKIP] Step 3/3: Pipeline skipped
[2026-06-20 11:09:30] [INFO] ============================================
[2026-06-20 11:09:30] [INFO] STATUS SUMMARY
[2026-06-20 11:09:30] [INFO] ============================================
[2026-06-20 11:09:31] [INFO] Cursor GUI: OFFLINE
[2026-06-20 11:09:31] [INFO] Dev Server: OFFLINE
[2026-06-20 11:09:31] [INFO] Log: D:\openclaw-tools\ion-dex-nuke\logs\launcher-2026-06-20-1109.log
[2026-06-20 11:09:31] [ERROR] All systems offline
